<?xml version="1.0" encoding="UTF-8"?>
<testsuite xmlns:xsi="http://www.w3.org/2001/XMLSchema-instance" xsi:noNamespaceSchemaLocation="https://maven.apache.org/surefire/maven-surefire-plugin/xsd/surefire-test-report.xsd" name="org.example.CalcTest" time="0.016" tests="2" errors="0" skipped="0" failures="0">
  <properties>
    <property name="java.specification.version" value="21"/>
    <property name="sun.cpu.isalist" value="amd64"/>
    <property name="sun.jnu.encoding" value="GBK"/>
    <property name="java.class.path" value="D:\lee10\soft engnieer\tutorial4\tu4\tutorial4\target\test-classes;D:\lee10\soft engnieer\tutorial4\tu4\tutorial4\target\classes;E:\apache-maven-3.9.11-bin\apache-maven-3.9.11\repo\org\junit\jupiter\junit-jupiter-engine\5.4.0\junit-jupiter-engine-5.4.0.jar;E:\apache-maven-3.9.11-bin\apache-maven-3.9.11\repo\org\apiguardian\apiguardian-api\1.0.0\apiguardian-api-1.0.0.jar;E:\apache-maven-3.9.11-bin\apache-maven-3.9.11\repo\org\junit\platform\junit-platform-engine\1.4.0\junit-platform-engine-1.4.0.jar;E:\apache-maven-3.9.11-bin\apache-maven-3.9.11\repo\org\opentest4j\opentest4j\1.1.1\opentest4j-1.1.1.jar;E:\apache-maven-3.9.11-bin\apache-maven-3.9.11\repo\org\junit\platform\junit-platform-commons\1.4.0\junit-platform-commons-1.4.0.jar;E:\apache-maven-3.9.11-bin\apache-maven-3.9.11\repo\org\junit\jupiter\junit-jupiter-api\5.4.0\junit-jupiter-api-5.4.0.jar;E:\apache-maven-3.9.11-bin\apache-maven-3.9.11\repo\org\junit\jupiter\junit-jupiter\6.0.0\junit-jupiter-6.0.0.jar;E:\apache-maven-3.9.11-bin\apache-maven-3.9.11\repo\org\junit\jupiter\junit-jupiter-params\6.0.0\junit-jupiter-params-6.0.0.jar;E:\apache-maven-3.9.11-bin\apache-maven-3.9.11\repo\org\jspecify\jspecify\1.0.0\jspecify-1.0.0.jar;"/>
    <property name="java.vm.vendor" value="Oracle Corporation"/>
    <property name="sun.arch.data.model" value="64"/>
    <property name="user.variant" value=""/>
    <property name="java.vendor.url" value="https://java.oracle.com/"/>
    <property name="user.timezone" value="Asia/Shanghai"/>
    <property name="os.name" value="Windows 11"/>
    <property name="java.vm.specification.version" value="21"/>
    <property name="sun.java.launcher" value="SUN_STANDARD"/>
    <property name="user.country" value="CN"/>
    <property name="sun.boot.library.path" value="E:\JDK\bin"/>
    <property name="sun.java.command" value="C:\Users\18810\AppData\Local\Temp\surefire7047078219174487026\surefirebooter10286708081332121534.jar C:\Users\18810\AppData\Local\Temp\surefire7047078219174487026 2025-10-17T11-51-31_759-jvmRun1 surefire7212222878147700634tmp surefire_015001446983542141785tmp"/>
    <property name="jdk.debug" value="release"/>
    <property name="surefire.test.class.path" value="D:\lee10\soft engnieer\tutorial4\tu4\tutorial4\target\test-classes;D:\lee10\soft engnieer\tutorial4\tu4\tutorial4\target\classes;E:\apache-maven-3.9.11-bin\apache-maven-3.9.11\repo\org\junit\jupiter\junit-jupiter-engine\5.4.0\junit-jupiter-engine-5.4.0.jar;E:\apache-maven-3.9.11-bin\apache-maven-3.9.11\repo\org\apiguardian\apiguardian-api\1.0.0\apiguardian-api-1.0.0.jar;E:\apache-maven-3.9.11-bin\apache-maven-3.9.11\repo\org\junit\platform\junit-platform-engine\1.4.0\junit-platform-engine-1.4.0.jar;E:\apache-maven-3.9.11-bin\apache-maven-3.9.11\repo\org\opentest4j\opentest4j\1.1.1\opentest4j-1.1.1.jar;E:\apache-maven-3.9.11-bin\apache-maven-3.9.11\repo\org\junit\platform\junit-platform-commons\1.4.0\junit-platform-commons-1.4.0.jar;E:\apache-maven-3.9.11-bin\apache-maven-3.9.11\repo\org\junit\jupiter\junit-jupiter-api\5.4.0\junit-jupiter-api-5.4.0.jar;E:\apache-maven-3.9.11-bin\apache-maven-3.9.11\repo\org\junit\jupiter\junit-jupiter\6.0.0\junit-jupiter-6.0.0.jar;E:\apache-maven-3.9.11-bin\apache-maven-3.9.11\repo\org\junit\jupiter\junit-jupiter-params\6.0.0\junit-jupiter-params-6.0.0.jar;E:\apache-maven-3.9.11-bin\apache-maven-3.9.11\repo\org\jspecify\jspecify\1.0.0\jspecify-1.0.0.jar;"/>
    <property name="sun.cpu.endian" value="little"/>
    <property name="user.home" value="C:\Users\18810"/>
    <property name="user.language" value="zh"/>
    <property name="java.specification.vendor" value="Oracle Corporation"/>
    <property name="java.version.date" value="2025-04-15"/>
    <property name="java.home" value="E:\JDK"/>
    <property name="file.separator" value="\"/>
    <property name="basedir" value="D:\lee10\soft engnieer\tutorial4\tu4\tutorial4"/>
    <property name="java.vm.compressedOopsMode" value="Zero based"/>
    <property name="line.separator" value="&#10;"/>
    <property name="java.vm.specification.vendor" value="Oracle Corporation"/>
    <property name="java.specification.name" value="Java Platform API Specification"/>
    <property name="surefire.real.class.path" value="C:\Users\18810\AppData\Local\Temp\surefire7047078219174487026\surefirebooter10286708081332121534.jar"/>
    <property name="user.script" value=""/>
    <property name="sun.management.compiler" value="HotSpot 64-Bit Tiered Compilers"/>
    <property name="java.runtime.version" value="21.0.7+8-LTS-245"/>
    <property name="user.name" value="18810"/>
    <property name="stdout.encoding" value="GBK"/>
    <property name="path.separator" value=";"/>
    <property name="os.version" value="10.0"/>
    <property name="java.runtime.name" value="Java(TM) SE Runtime Environment"/>
    <property name="file.encoding" value="UTF-8"/>
    <property name="java.vm.name" value="Java HotSpot(TM) 64-Bit Server VM"/>
    <property name="localRepository" value="E:\apache-maven-3.9.11-bin\apache-maven-3.9.11\repo"/>
    <property name="java.vendor.url.bug" value="https://bugreport.java.com/bugreport/"/>
    <property name="java.io.tmpdir" value="C:\Users\18810\AppData\Local\Temp\"/>
    <property name="java.version" value="21.0.7"/>
    <property name="user.dir" value="D:\lee10\soft engnieer\tutorial4\tu4\tutorial4"/>
    <property name="os.arch" value="amd64"/>
    <property name="java.vm.specification.name" value="Java Virtual Machine Specification"/>
    <property name="sun.os.patch.level" value=""/>
    <property name="native.encoding" value="GBK"/>
    <property name="java.library.path" value="E:\JDK\bin;C:\Windows\Sun\Java\bin;C:\Windows\system32;C:\Windows;C:\Windows\system32;C:\Windows;C:\Windows\System32\Wbem;C:\Windows\System32\WindowsPowerShell\v1.0\;C:\Windows\System32\OpenSSH\;E:\x86_64-8.1.0-release-posix-seh-rt_v6-rev0\mingw64\bin;C:\Program Files (x86)\Microsoft SQL Server\160\Tools\Binn\;C:\Program Files\Microsoft SQL Server\160\Tools\Binn\;C:\Program Files\Microsoft SQL Server\Client SDK\ODBC\170\Tools\Binn\;C:\Program Files\Microsoft SQL Server\160\DTS\Binn\;C:\Program Files (x86)\Microsoft SQL Server\160\DTS\Binn\;&quot;E:\JDK&quot;\bin;&quot;E:\JDK&quot;\jre\bin;&quot;.;&quot;E:\JDK&quot;\lib;&quot;E:\JDK&quot;\lib\tools.jar&quot;;E:\Git\cmd;E:\apache-maven-3.9.11-bin\apache-maven-3.9.11\bin;E:\Program Files\nodejs\;E:\Program Files\nodejs;E:\Program Files\nodejs\node_global;E:\Program Files\nodejs\node_cache;E:\Program Files\cursor\resources\app\bin;E:\Python\Scripts\;E:\Python\;C:\Users\18810\AppData\Local\Programs\Python\Launcher\;C:\Users\18810\AppData\Local\Microsoft\WindowsApps;E:\Microsoft VS Code\bin;E:\IntelliJ IDEA Community Edition 2025.1.3\bin;;E:\curser\cursor\resources\app\bin;E:\Program Files\JetBrains\IntelliJ IDEA 2025.1\bin;;E:\Program Files\JetBrains\PyCharm 2024.1.7\bin;;E:\Program Files\nodejs\node_global;;."/>
    <property name="java.vm.info" value="mixed mode, sharing"/>
    <property name="stderr.encoding" value="GBK"/>
    <property name="java.vendor" value="Oracle Corporation"/>
    <property name="java.vm.version" value="21.0.7+8-LTS-245"/>
    <property name="sun.io.unicode.encoding" value="UnicodeLittle"/>
    <property name="java.class.version" value="65.0"/>
  </properties>
  <testcase name="testAddition" classname="org.example.CalcTest" time="0.01"/>
  <testcase name="testSubtraction" classname="org.example.CalcTest" time="0"/>
</testsuite>